<?xml version="1.0" encoding="UTF-8"?>
<coverage generated="1663895290909" clover="3.2.0">
  <project timestamp="1663895290909" name="All files">
    <metrics statements="44" coveredstatements="42" conditionals="9" coveredconditionals="6" methods="13" coveredmethods="12" elements="66" coveredelements="60" complexity="0" loc="44" ncloc="44" packages="1" files="3" classes="3"/>
    <file name="Order.ts" path="/Users/nato/learn/cleanCode/day1/src/Order.ts">
      <metrics statements="9" coveredstatements="9" conditionals="1" coveredconditionals="1" methods="4" coveredmethods="4"/>
      <line num="2" count="1" type="stmt"/>
      <line num="4" count="1" type="stmt"/>
      <line num="6" count="3" type="stmt"/>
      <line num="7" count="3" type="stmt"/>
      <line num="8" count="3" type="cond" truecount="1" falsecount="0"/>
      <line num="10" count="3" type="stmt"/>
      <line num="13" count="3" type="stmt"/>
      <line num="16" count="6" type="stmt"/>
      <line num="17" count="2" type="stmt"/>
    </file>
    <file name="Product.ts" path="/Users/nato/learn/cleanCode/day1/src/Product.ts">
      <metrics statements="11" coveredstatements="9" conditionals="3" coveredconditionals="0" methods="4" coveredmethods="3"/>
      <line num="1" count="1" type="stmt"/>
      <line num="3" count="1" type="stmt"/>
      <line num="4" count="1" type="stmt"/>
      <line num="5" count="1" type="stmt"/>
      <line num="7" count="1" type="stmt"/>
      <line num="8" count="1" type="stmt"/>
      <line num="9" count="1" type="stmt"/>
      <line num="12" count="1" type="cond" truecount="0" falsecount="1"/>
      <line num="13" count="0" type="stmt"/>
      <line num="16" count="0" type="cond" truecount="0" falsecount="1"/>
      <line num="19" count="1" type="cond" truecount="0" falsecount="1"/>
    </file>
    <file name="validateCPF.ts" path="/Users/nato/learn/cleanCode/day1/src/validateCPF.ts">
      <metrics statements="24" coveredstatements="24" conditionals="5" coveredconditionals="5" methods="5" coveredmethods="5"/>
      <line num="1" count="12" type="stmt"/>
      <line num="2" count="12" type="cond" truecount="2" falsecount="0"/>
      <line num="3" count="2" type="stmt"/>
      <line num="4" count="12" type="stmt"/>
      <line num="5" count="12" type="stmt"/>
      <line num="7" count="2" type="stmt"/>
      <line num="8" count="2" type="stmt"/>
      <line num="9" count="11" type="cond" truecount="1" falsecount="0"/>
      <line num="10" count="10" type="stmt"/>
      <line num="11" count="10" type="cond" truecount="1" falsecount="0"/>
      <line num="12" count="58" type="cond" truecount="1" falsecount="0"/>
      <line num="13" count="6" type="stmt"/>
      <line num="14" count="6" type="stmt"/>
      <line num="15" count="6" type="stmt"/>
      <line num="16" count="54" type="stmt"/>
      <line num="17" count="54" type="stmt"/>
      <line num="18" count="54" type="stmt"/>
      <line num="20" count="6" type="stmt"/>
      <line num="21" count="6" type="stmt"/>
      <line num="22" count="6" type="stmt"/>
      <line num="23" count="6" type="stmt"/>
      <line num="24" count="6" type="stmt"/>
      <line num="25" count="6" type="stmt"/>
      <line num="28" count="2" type="stmt"/>
    </file>
  </project>
</coverage>
