{"/Users/nato/learn/cleanCode/day1/src/Order.ts": {"path":"/Users/nato/learn/cleanCode/day1/src/Order.ts","statementMap":{"0":{"start":{"line":2,"column":0},"end":{"line":2,"column":44}},"1":{"start":{"line":6,"column":14},"end":{"line":6,"column":33}},"2":{"start":{"line":7,"column":14},"end":{"line":7,"column":25}},"3":{"start":{"line":8,"column":14},"end":{"line":8,"column":30}},"4":{"start":{"line":10,"column":4},"end":{"line":10,"column":23}},"5":{"start":{"line":13,"column":4},"end":{"line":13,"column":null}},"6":{"start":{"line":16,"column":18},"end":{"line":16,"column":74}},"7":{"start":{"line":16,"column":54},"end":{"line":16,"column":70}},"8":{"start":{"line":17,"column":4},"end":{"line":17,"column":null}},"9":{"start":{"line":4,"column":0},"end":{"line":4,"column":21}}},"fnMap":{"0":{"name":"(anonymous_0)","decl":{"start":{"line":5,"column":2},"end":{"line":5,"column":null}},"loc":{"start":{"line":8,"column":31},"end":{"line":11,"column":3}}},"1":{"name":"(anonymous_1)","decl":{"start":{"line":12,"column":2},"end":{"line":12,"column":13}},"loc":{"start":{"line":12,"column":13},"end":{"line":14,"column":3}}},"2":{"name":"(anonymous_2)","decl":{"start":{"line":15,"column":2},"end":{"line":15,"column":6}},"loc":{"start":{"line":15,"column":11},"end":{"line":18,"column":3}}},"3":{"name":"(anonymous_3)","decl":{"start":{"line":16,"column":39},"end":{"line":16,"column":40}},"loc":{"start":{"line":16,"column":54},"end":{"line":16,"column":70}}}},"branchMap":{"0":{"loc":{"start":{"line":8,"column":14},"end":{"line":8,"column":31}},"type":"default-arg","locations":[{"start":{"line":8,"column":30},"end":{"line":8,"column":31}}]}},"s":{"0":1,"1":3,"2":3,"3":3,"4":3,"5":3,"6":2,"7":6,"8":2,"9":1},"f":{"0":3,"1":3,"2":2,"3":6},"b":{"0":[1]}}
,"/Users/nato/learn/cleanCode/day1/src/Product.ts": {"path":"/Users/nato/learn/cleanCode/day1/src/Product.ts","statementMap":{"0":{"start":{"line":3,"column":11},"end":{"line":3,"column":30}},"1":{"start":{"line":4,"column":11},"end":{"line":4,"column":24}},"2":{"start":{"line":5,"column":11},"end":{"line":5,"column":27}},"3":{"start":{"line":7,"column":4},"end":{"line":7,"column":31}},"4":{"start":{"line":8,"column":4},"end":{"line":8,"column":28}},"5":{"start":{"line":9,"column":4},"end":{"line":9,"column":23}},"6":{"start":{"line":12,"column":4},"end":{"line":13,"column":null}},"7":{"start":{"line":13,"column":6},"end":{"line":13,"column":null}},"8":{"start":{"line":16,"column":4},"end":{"line":16,"column":null}},"9":{"start":{"line":16,"column":24},"end":{"line":16,"column":null}},"10":{"start":{"line":19,"column":4},"end":{"line":19,"column":null}},"11":{"start":{"line":19,"column":27},"end":{"line":19,"column":null}},"12":{"start":{"line":1,"column":0},"end":{"line":1,"column":21}}},"fnMap":{"0":{"name":"(anonymous_0)","decl":{"start":{"line":2,"column":2},"end":{"line":2,"column":null}},"loc":{"start":{"line":5,"column":27},"end":{"line":10,"column":3}}},"1":{"name":"(anonymous_1)","decl":{"start":{"line":11,"column":2},"end":{"line":11,"column":18}},"loc":{"start":{"line":11,"column":18},"end":{"line":14,"column":3}}},"2":{"name":"(anonymous_2)","decl":{"start":{"line":15,"column":2},"end":{"line":15,"column":15}},"loc":{"start":{"line":15,"column":15},"end":{"line":17,"column":3}}},"3":{"name":"(anonymous_3)","decl":{"start":{"line":18,"column":2},"end":{"line":18,"column":21}},"loc":{"start":{"line":18,"column":21},"end":{"line":20,"column":3}}}},"branchMap":{"0":{"loc":{"start":{"line":12,"column":4},"end":{"line":13,"column":null}},"type":"if","locations":[{"start":{"line":12,"column":4},"end":{"line":13,"column":null}}]},"1":{"loc":{"start":{"line":16,"column":4},"end":{"line":16,"column":null}},"type":"if","locations":[{"start":{"line":16,"column":4},"end":{"line":16,"column":null}}]},"2":{"loc":{"start":{"line":19,"column":4},"end":{"line":19,"column":null}},"type":"if","locations":[{"start":{"line":19,"column":4},"end":{"line":19,"column":null}}]}},"s":{"0":1,"1":1,"2":1,"3":1,"4":1,"5":1,"6":1,"7":0,"8":0,"9":0,"10":1,"11":0,"12":1},"f":{"0":1,"1":1,"2":0,"3":1},"b":{"0":[0],"1":[0],"2":[0]}}
,"/Users/nato/learn/cleanCode/day1/src/validateCPF.ts": {"path":"/Users/nato/learn/cleanCode/day1/src/validateCPF.ts","statementMap":{"0":{"start":{"line":1,"column":18},"end":{"line":1,"column":39}},"1":{"start":{"line":1,"column":33},"end":{"line":1,"column":39}},"2":{"start":{"line":2,"column":30},"end":{"line":2,"column":74}},"3":{"start":{"line":2,"column":48},"end":{"line":2,"column":74}},"4":{"start":{"line":3,"column":36},"end":{"line":6,"column":1}},"5":{"start":{"line":4,"column":17},"end":{"line":4,"column":46}},"6":{"start":{"line":5,"column":4},"end":{"line":5,"column":null}},"7":{"start":{"line":7,"column":19},"end":{"line":7,"column":21}},"8":{"start":{"line":9,"column":4},"end":{"line":9,"column":41}},"9":{"start":{"line":9,"column":14},"end":{"line":9,"column":41}},"10":{"start":{"line":10,"column":22},"end":{"line":10,"column":81}},"11":{"start":{"line":11,"column":4},"end":{"line":11,"column":null}},"12":{"start":{"line":11,"column":41},"end":{"line":11,"column":null}},"13":{"start":{"line":12,"column":4},"end":{"line":12,"column":87}},"14":{"start":{"line":12,"column":39},"end":{"line":12,"column":57}},"15":{"start":{"line":12,"column":60},"end":{"line":12,"column":87}},"16":{"start":{"line":13,"column":33},"end":{"line":13,"column":34}},"17":{"start":{"line":14,"column":34},"end":{"line":14,"column":35}},"18":{"start":{"line":15,"column":4},"end":{"line":19,"column":6}},"19":{"start":{"line":15,"column":22},"end":{"line":15,"column":23}},"20":{"start":{"line":16,"column":31},"end":{"line":16,"column":80}},"21":{"start":{"line":17,"column":8},"end":{"line":17,"column":97}},"22":{"start":{"line":18,"column":8},"end":{"line":18,"column":91}},"23":{"start":{"line":20,"column":4},"end":{"line":20,"column":81}},"24":{"start":{"line":21,"column":4},"end":{"line":21,"column":58}},"25":{"start":{"line":22,"column":4},"end":{"line":22,"column":83}},"26":{"start":{"line":23,"column":42},"end":{"line":23,"column":101}},"27":{"start":{"line":24,"column":42},"end":{"line":24,"column":95}},"28":{"start":{"line":25,"column":4},"end":{"line":25,"column":75}},"29":{"start":{"line":8,"column":0},"end":{"line":8,"column":16}},"30":{"start":{"line":28,"column":0},"end":{"line":28,"column":null}}},"fnMap":{"0":{"name":"(anonymous_0)","decl":{"start":{"line":1,"column":18},"end":{"line":1,"column":19}},"loc":{"start":{"line":1,"column":33},"end":{"line":1,"column":39}}},"1":{"name":"(anonymous_1)","decl":{"start":{"line":2,"column":30},"end":{"line":2,"column":31}},"loc":{"start":{"line":2,"column":48},"end":{"line":2,"column":74}}},"2":{"name":"(anonymous_2)","decl":{"start":{"line":3,"column":36},"end":{"line":3,"column":37}},"loc":{"start":{"line":3,"column":67},"end":{"line":6,"column":1}}},"3":{"name":"validateCpf","decl":{"start":{"line":8,"column":16},"end":{"line":8,"column":27}},"loc":{"start":{"line":8,"column":39},"end":{"line":26,"column":1}}},"4":{"name":"(anonymous_4)","decl":{"start":{"line":12,"column":34},"end":{"line":12,"column":35}},"loc":{"start":{"line":12,"column":39},"end":{"line":12,"column":57}}}},"branchMap":{"0":{"loc":{"start":{"line":2,"column":48},"end":{"line":2,"column":74}},"type":"cond-expr","locations":[{"start":{"line":2,"column":61},"end":{"line":2,"column":62}},{"start":{"line":2,"column":65},"end":{"line":2,"column":74}}]},"1":{"loc":{"start":{"line":9,"column":4},"end":{"line":9,"column":41}},"type":"if","locations":[{"start":{"line":9,"column":4},"end":{"line":9,"column":41}}]},"2":{"loc":{"start":{"line":11,"column":4},"end":{"line":11,"column":null}},"type":"if","locations":[{"start":{"line":11,"column":4},"end":{"line":11,"column":null}}]},"3":{"loc":{"start":{"line":12,"column":4},"end":{"line":12,"column":87}},"type":"if","locations":[{"start":{"line":12,"column":4},"end":{"line":12,"column":87}}]}},"s":{"0":2,"1":12,"2":2,"3":12,"4":2,"5":12,"6":12,"7":2,"8":11,"9":1,"10":10,"11":10,"12":3,"13":7,"14":58,"15":1,"16":6,"17":6,"18":6,"19":6,"20":54,"21":54,"22":54,"23":6,"24":6,"25":6,"26":6,"27":6,"28":6,"29":2,"30":2},"f":{"0":12,"1":12,"2":12,"3":11,"4":58},"b":{"0":[10,2],"1":[1],"2":[3],"3":[1]}}
}
