TN:
SF:src/Order.ts
FN:5,(anonymous_0)
FN:12,(anonymous_1)
FN:15,(anonymous_2)
FN:16,(anonymous_3)
FNF:4
FNH:4
FNDA:3,(anonymous_0)
FNDA:3,(anonymous_1)
FNDA:2,(anonymous_2)
FNDA:6,(anonymous_3)
DA:2,1
DA:4,1
DA:6,3
DA:7,3
DA:8,3
DA:10,3
DA:13,3
DA:16,6
DA:17,2
LF:9
LH:9
BRDA:8,0,0,1
BRF:1
BRH:1
end_of_record
TN:
SF:src/Product.ts
FN:2,(anonymous_0)
FN:11,(anonymous_1)
FN:15,(anonymous_2)
FN:18,(anonymous_3)
FNF:4
FNH:3
FNDA:1,(anonymous_0)
FNDA:1,(anonymous_1)
FNDA:0,(anonymous_2)
FNDA:1,(anonymous_3)
DA:1,1
DA:3,1
DA:4,1
DA:5,1
DA:7,1
DA:8,1
DA:9,1
DA:12,1
DA:13,0
DA:16,0
DA:19,1
LF:11
LH:9
BRDA:12,0,0,0
BRDA:16,1,0,0
BRDA:19,2,0,0
BRF:3
BRH:0
end_of_record
TN:
SF:src/validateCPF.ts
FN:1,(anonymous_0)
FN:2,(anonymous_1)
FN:3,(anonymous_2)
FN:8,validateCpf
FN:12,(anonymous_4)
FNF:5
FNH:5
FNDA:12,(anonymous_0)
FNDA:12,(anonymous_1)
FNDA:12,(anonymous_2)
FNDA:11,validateCpf
FNDA:58,(anonymous_4)
DA:1,12
DA:2,12
DA:3,2
DA:4,12
DA:5,12
DA:7,2
DA:8,2
DA:9,11
DA:10,10
DA:11,10
DA:12,58
DA:13,6
DA:14,6
DA:15,6
DA:16,54
DA:17,54
DA:18,54
DA:20,6
DA:21,6
DA:22,6
DA:23,6
DA:24,6
DA:25,6
DA:28,2
LF:24
LH:24
BRDA:2,0,0,10
BRDA:2,0,1,2
BRDA:9,1,0,1
BRDA:11,2,0,3
BRDA:12,3,0,1
BRF:5
BRH:5
end_of_record
